Determining if the pthread_create exist failed with the following output:
Change Dir: /opt/opendlv.carolocup.build/code-prefix/src/code-build/CMakeFiles/CMakeTmp

Run Build Command:"/usr/bin/make" "cmTC_28c5a/fast"
make[3]: Entering directory '/opt/opendlv.carolocup.build/code-prefix/src/code-build/CMakeFiles/CMakeTmp'
/usr/bin/make -f CMakeFiles/cmTC_28c5a.dir/build.make CMakeFiles/cmTC_28c5a.dir/build
make[4]: Entering directory '/opt/opendlv.carolocup.build/code-prefix/src/code-build/CMakeFiles/CMakeTmp'
Building C object CMakeFiles/cmTC_28c5a.dir/CheckSymbolExists.c.o
/usr/bin/cc    -fstack-protector-all -fPIC -ggdb -Wall -Weffc++ -Werror -Wextra -Wshadow -pedantic-errors -std=c99    -o CMakeFiles/cmTC_28c5a.dir/CheckSymbolExists.c.o   -c /opt/opendlv.carolocup.build/code-prefix/src/code-build/CMakeFiles/CMakeTmp/CheckSymbolExists.c
cc1: warning: command line option '-Weffc++' is valid for C++/ObjC++ but not for C
/opt/opendlv.carolocup.build/code-prefix/src/code-build/CMakeFiles/CMakeTmp/CheckSymbolExists.c: In function 'main':
/opt/opendlv.carolocup.build/code-prefix/src/code-build/CMakeFiles/CMakeTmp/CheckSymbolExists.c:8:11: error: ISO C forbids conversion of function pointer to object pointer type [-Wpedantic]
   return ((int*)(&pthread_create))[argc];
           ^
CMakeFiles/cmTC_28c5a.dir/build.make:65: recipe for target 'CMakeFiles/cmTC_28c5a.dir/CheckSymbolExists.c.o' failed
make[4]: *** [CMakeFiles/cmTC_28c5a.dir/CheckSymbolExists.c.o] Error 1
make[4]: Leaving directory '/opt/opendlv.carolocup.build/code-prefix/src/code-build/CMakeFiles/CMakeTmp'
Makefile:126: recipe for target 'cmTC_28c5a/fast' failed
make[3]: *** [cmTC_28c5a/fast] Error 2
make[3]: Leaving directory '/opt/opendlv.carolocup.build/code-prefix/src/code-build/CMakeFiles/CMakeTmp'

File /opt/opendlv.carolocup.build/code-prefix/src/code-build/CMakeFiles/CMakeTmp/CheckSymbolExists.c:
/* */
#include <pthread.h>

int main(int argc, char** argv)
{
  (void)argv;
#ifndef pthread_create
  return ((int*)(&pthread_create))[argc];
#else
  (void)argc;
  return 0;
#endif
}

Determining if the function pthread_create exists in the pthreads failed with the following output:
Change Dir: /opt/opendlv.carolocup.build/code-prefix/src/code-build/CMakeFiles/CMakeTmp

Run Build Command:"/usr/bin/make" "cmTC_cffcf/fast"
make[3]: Entering directory '/opt/opendlv.carolocup.build/code-prefix/src/code-build/CMakeFiles/CMakeTmp'
/usr/bin/make -f CMakeFiles/cmTC_cffcf.dir/build.make CMakeFiles/cmTC_cffcf.dir/build
make[4]: Entering directory '/opt/opendlv.carolocup.build/code-prefix/src/code-build/CMakeFiles/CMakeTmp'
Building C object CMakeFiles/cmTC_cffcf.dir/CheckFunctionExists.c.o
/usr/bin/cc    -fstack-protector-all -fPIC -ggdb -Wall -Weffc++ -Werror -Wextra -Wshadow -pedantic-errors -std=c99 -DCHECK_FUNCTION_EXISTS=pthread_create   -o CMakeFiles/cmTC_cffcf.dir/CheckFunctionExists.c.o   -c /usr/share/cmake-3.5/Modules/CheckFunctionExists.c
cc1: warning: command line option '-Weffc++' is valid for C++/ObjC++ but not for C
Linking C executable cmTC_cffcf
/usr/bin/cmake -E cmake_link_script CMakeFiles/cmTC_cffcf.dir/link.txt --verbose=1
/usr/bin/cc  -fstack-protector-all -fPIC -ggdb -Wall -Weffc++ -Werror -Wextra -Wshadow -pedantic-errors -std=c99 -DCHECK_FUNCTION_EXISTS=pthread_create    CMakeFiles/cmTC_cffcf.dir/CheckFunctionExists.c.o  -o cmTC_cffcf -rdynamic -lpthreads 
/usr/bin/ld: cannot find -lpthreads
collect2: error: ld returned 1 exit status
CMakeFiles/cmTC_cffcf.dir/build.make:97: recipe for target 'cmTC_cffcf' failed
make[4]: *** [cmTC_cffcf] Error 1
make[4]: Leaving directory '/opt/opendlv.carolocup.build/code-prefix/src/code-build/CMakeFiles/CMakeTmp'
Makefile:126: recipe for target 'cmTC_cffcf/fast' failed
make[3]: *** [cmTC_cffcf/fast] Error 2
make[3]: Leaving directory '/opt/opendlv.carolocup.build/code-prefix/src/code-build/CMakeFiles/CMakeTmp'


