Determining if the pthread_create exist failed with the following output:
Change Dir: /opt/opendlv.carolocup.build/CMakeFiles/CMakeTmp

Run Build Command:"/usr/bin/make" "cmTC_5efa4/fast"
/usr/bin/make -f CMakeFiles/cmTC_5efa4.dir/build.make CMakeFiles/cmTC_5efa4.dir/build
make[1]: Entering directory '/opt/opendlv.carolocup.build/CMakeFiles/CMakeTmp'
Building C object CMakeFiles/cmTC_5efa4.dir/CheckSymbolExists.c.o
/usr/bin/cc     -o CMakeFiles/cmTC_5efa4.dir/CheckSymbolExists.c.o   -c /opt/opendlv.carolocup.build/CMakeFiles/CMakeTmp/CheckSymbolExists.c
Linking C executable cmTC_5efa4
/usr/bin/cmake -E cmake_link_script CMakeFiles/cmTC_5efa4.dir/link.txt --verbose=1
/usr/bin/cc       CMakeFiles/cmTC_5efa4.dir/CheckSymbolExists.c.o  -o cmTC_5efa4 -rdynamic 
CMakeFiles/cmTC_5efa4.dir/CheckSymbolExists.c.o: In function `main':
CheckSymbolExists.c:(.text+0x16): undefined reference to `pthread_create'
collect2: error: ld returned 1 exit status
CMakeFiles/cmTC_5efa4.dir/build.make:97: recipe for target 'cmTC_5efa4' failed
make[1]: *** [cmTC_5efa4] Error 1
make[1]: Leaving directory '/opt/opendlv.carolocup.build/CMakeFiles/CMakeTmp'
Makefile:126: recipe for target 'cmTC_5efa4/fast' failed
make: *** [cmTC_5efa4/fast] Error 2

File /opt/opendlv.carolocup.build/CMakeFiles/CMakeTmp/CheckSymbolExists.c:
/* */
#include <pthread.h>

int main(int argc, char** argv)
{
  (void)argv;
#ifndef pthread_create
  return ((int*)(&pthread_create))[argc];
#else
  (void)argc;
  return 0;
#endif
}

Determining if the function pthread_create exists in the pthreads failed with the following output:
Change Dir: /opt/opendlv.carolocup.build/CMakeFiles/CMakeTmp

Run Build Command:"/usr/bin/make" "cmTC_59849/fast"
/usr/bin/make -f CMakeFiles/cmTC_59849.dir/build.make CMakeFiles/cmTC_59849.dir/build
make[1]: Entering directory '/opt/opendlv.carolocup.build/CMakeFiles/CMakeTmp'
Building C object CMakeFiles/cmTC_59849.dir/CheckFunctionExists.c.o
/usr/bin/cc    -DCHECK_FUNCTION_EXISTS=pthread_create   -o CMakeFiles/cmTC_59849.dir/CheckFunctionExists.c.o   -c /usr/share/cmake-3.5/Modules/CheckFunctionExists.c
Linking C executable cmTC_59849
/usr/bin/cmake -E cmake_link_script CMakeFiles/cmTC_59849.dir/link.txt --verbose=1
/usr/bin/cc   -DCHECK_FUNCTION_EXISTS=pthread_create    CMakeFiles/cmTC_59849.dir/CheckFunctionExists.c.o  -o cmTC_59849 -rdynamic -lpthreads 
/usr/bin/ld: cannot find -lpthreads
collect2: error: ld returned 1 exit status
CMakeFiles/cmTC_59849.dir/build.make:97: recipe for target 'cmTC_59849' failed
make[1]: *** [cmTC_59849] Error 1
make[1]: Leaving directory '/opt/opendlv.carolocup.build/CMakeFiles/CMakeTmp'
Makefile:126: recipe for target 'cmTC_59849/fast' failed
make: *** [cmTC_59849/fast] Error 2


