Determining if the pthread_create exist failed with the following output:
Change Dir: /opt/opendlv.carolocup.build/CMakeFiles/CMakeTmp

Run Build Command:"/usr/bin/make" "cmTC_abb2c/fast"
/usr/bin/make -f CMakeFiles/cmTC_abb2c.dir/build.make CMakeFiles/cmTC_abb2c.dir/build
make[1]: Entering directory '/opt/opendlv.carolocup.build/CMakeFiles/CMakeTmp'
Building C object CMakeFiles/cmTC_abb2c.dir/CheckSymbolExists.c.o
/usr/bin/cc     -o CMakeFiles/cmTC_abb2c.dir/CheckSymbolExists.c.o   -c /opt/opendlv.carolocup.build/CMakeFiles/CMakeTmp/CheckSymbolExists.c
Linking C executable cmTC_abb2c
/usr/bin/cmake -E cmake_link_script CMakeFiles/cmTC_abb2c.dir/link.txt --verbose=1
/usr/bin/cc       CMakeFiles/cmTC_abb2c.dir/CheckSymbolExists.c.o  -o cmTC_abb2c -rdynamic 
CMakeFiles/cmTC_abb2c.dir/CheckSymbolExists.c.o: In function `main':
CheckSymbolExists.c:(.text+0x16): undefined reference to `pthread_create'
collect2: error: ld returned 1 exit status
CMakeFiles/cmTC_abb2c.dir/build.make:97: recipe for target 'cmTC_abb2c' failed
make[1]: *** [cmTC_abb2c] Error 1
make[1]: Leaving directory '/opt/opendlv.carolocup.build/CMakeFiles/CMakeTmp'
Makefile:126: recipe for target 'cmTC_abb2c/fast' failed
make: *** [cmTC_abb2c/fast] Error 2

File /opt/opendlv.carolocup.build/CMakeFiles/CMakeTmp/CheckSymbolExists.c:
/* */
#include <pthread.h>

int main(int argc, char** argv)
{
  (void)argv;
#ifndef pthread_create
  return ((int*)(&pthread_create))[argc];
#else
  (void)argc;
  return 0;
#endif
}

Determining if the function pthread_create exists in the pthreads failed with the following output:
Change Dir: /opt/opendlv.carolocup.build/CMakeFiles/CMakeTmp

Run Build Command:"/usr/bin/make" "cmTC_f5f7b/fast"
/usr/bin/make -f CMakeFiles/cmTC_f5f7b.dir/build.make CMakeFiles/cmTC_f5f7b.dir/build
make[1]: Entering directory '/opt/opendlv.carolocup.build/CMakeFiles/CMakeTmp'
Building C object CMakeFiles/cmTC_f5f7b.dir/CheckFunctionExists.c.o
/usr/bin/cc    -DCHECK_FUNCTION_EXISTS=pthread_create   -o CMakeFiles/cmTC_f5f7b.dir/CheckFunctionExists.c.o   -c /usr/share/cmake-3.5/Modules/CheckFunctionExists.c
Linking C executable cmTC_f5f7b
/usr/bin/cmake -E cmake_link_script CMakeFiles/cmTC_f5f7b.dir/link.txt --verbose=1
/usr/bin/cc   -DCHECK_FUNCTION_EXISTS=pthread_create    CMakeFiles/cmTC_f5f7b.dir/CheckFunctionExists.c.o  -o cmTC_f5f7b -rdynamic -lpthreads 
/usr/bin/ld: cannot find -lpthreads
collect2: error: ld returned 1 exit status
CMakeFiles/cmTC_f5f7b.dir/build.make:97: recipe for target 'cmTC_f5f7b' failed
make[1]: *** [cmTC_f5f7b] Error 1
make[1]: Leaving directory '/opt/opendlv.carolocup.build/CMakeFiles/CMakeTmp'
Makefile:126: recipe for target 'cmTC_f5f7b/fast' failed
make: *** [cmTC_f5f7b/fast] Error 2


