Determining if the pthread_create exist failed with the following output:
Change Dir: /opt/opendlv.carolocup.build/libodvdcarolocupdatamodel-prefix/src/libodvdcarolocupdatamodel-build/CMakeFiles/CMakeTmp

Run Build Command:"/usr/bin/make" "cmTC_3c20a/fast"
make[3]: Entering directory '/opt/opendlv.carolocup.build/libodvdcarolocupdatamodel-prefix/src/libodvdcarolocupdatamodel-build/CMakeFiles/CMakeTmp'
/usr/bin/make -f CMakeFiles/cmTC_3c20a.dir/build.make CMakeFiles/cmTC_3c20a.dir/build
make[4]: Entering directory '/opt/opendlv.carolocup.build/libodvdcarolocupdatamodel-prefix/src/libodvdcarolocupdatamodel-build/CMakeFiles/CMakeTmp'
Building C object CMakeFiles/cmTC_3c20a.dir/CheckSymbolExists.c.o
/usr/bin/cc    -fPIC    -o CMakeFiles/cmTC_3c20a.dir/CheckSymbolExists.c.o   -c /opt/opendlv.carolocup.build/libodvdcarolocupdatamodel-prefix/src/libodvdcarolocupdatamodel-build/CMakeFiles/CMakeTmp/CheckSymbolExists.c
Linking C executable cmTC_3c20a
/usr/bin/cmake -E cmake_link_script CMakeFiles/cmTC_3c20a.dir/link.txt --verbose=1
/usr/bin/cc    -fPIC     CMakeFiles/cmTC_3c20a.dir/CheckSymbolExists.c.o  -o cmTC_3c20a -rdynamic 
CMakeFiles/cmTC_3c20a.dir/CheckSymbolExists.c.o: In function `main':
CheckSymbolExists.c:(.text+0x1b): undefined reference to `pthread_create'
collect2: error: ld returned 1 exit status
CMakeFiles/cmTC_3c20a.dir/build.make:97: recipe for target 'cmTC_3c20a' failed
make[4]: *** [cmTC_3c20a] Error 1
make[4]: Leaving directory '/opt/opendlv.carolocup.build/libodvdcarolocupdatamodel-prefix/src/libodvdcarolocupdatamodel-build/CMakeFiles/CMakeTmp'
Makefile:126: recipe for target 'cmTC_3c20a/fast' failed
make[3]: *** [cmTC_3c20a/fast] Error 2
make[3]: Leaving directory '/opt/opendlv.carolocup.build/libodvdcarolocupdatamodel-prefix/src/libodvdcarolocupdatamodel-build/CMakeFiles/CMakeTmp'

File /opt/opendlv.carolocup.build/libodvdcarolocupdatamodel-prefix/src/libodvdcarolocupdatamodel-build/CMakeFiles/CMakeTmp/CheckSymbolExists.c:
/* */
#include <pthread.h>

int main(int argc, char** argv)
{
  (void)argv;
#ifndef pthread_create
  return ((int*)(&pthread_create))[argc];
#else
  (void)argc;
  return 0;
#endif
}

Determining if the function pthread_create exists in the pthreads failed with the following output:
Change Dir: /opt/opendlv.carolocup.build/libodvdcarolocupdatamodel-prefix/src/libodvdcarolocupdatamodel-build/CMakeFiles/CMakeTmp

Run Build Command:"/usr/bin/make" "cmTC_72f76/fast"
make[3]: Entering directory '/opt/opendlv.carolocup.build/libodvdcarolocupdatamodel-prefix/src/libodvdcarolocupdatamodel-build/CMakeFiles/CMakeTmp'
/usr/bin/make -f CMakeFiles/cmTC_72f76.dir/build.make CMakeFiles/cmTC_72f76.dir/build
make[4]: Entering directory '/opt/opendlv.carolocup.build/libodvdcarolocupdatamodel-prefix/src/libodvdcarolocupdatamodel-build/CMakeFiles/CMakeTmp'
Building C object CMakeFiles/cmTC_72f76.dir/CheckFunctionExists.c.o
/usr/bin/cc    -fPIC -DCHECK_FUNCTION_EXISTS=pthread_create   -o CMakeFiles/cmTC_72f76.dir/CheckFunctionExists.c.o   -c /usr/share/cmake-3.5/Modules/CheckFunctionExists.c
Linking C executable cmTC_72f76
/usr/bin/cmake -E cmake_link_script CMakeFiles/cmTC_72f76.dir/link.txt --verbose=1
/usr/bin/cc    -fPIC -DCHECK_FUNCTION_EXISTS=pthread_create    CMakeFiles/cmTC_72f76.dir/CheckFunctionExists.c.o  -o cmTC_72f76 -rdynamic -lpthreads 
/usr/bin/ld: cannot find -lpthreads
collect2: error: ld returned 1 exit status
CMakeFiles/cmTC_72f76.dir/build.make:97: recipe for target 'cmTC_72f76' failed
make[4]: *** [cmTC_72f76] Error 1
make[4]: Leaving directory '/opt/opendlv.carolocup.build/libodvdcarolocupdatamodel-prefix/src/libodvdcarolocupdatamodel-build/CMakeFiles/CMakeTmp'
Makefile:126: recipe for target 'cmTC_72f76/fast' failed
make[3]: *** [cmTC_72f76/fast] Error 2
make[3]: Leaving directory '/opt/opendlv.carolocup.build/libodvdcarolocupdatamodel-prefix/src/libodvdcarolocupdatamodel-build/CMakeFiles/CMakeTmp'


